<?xml version="1.0" encoding="UTF-8"?>
<!-- Generated by org.testng.reporters.JUnitReportReporter -->
<testsuite hostname="MCTest" name="GUI.LogFreestor" tests="1" failures="0" timestamp="7 Feb 2018 22:21:10 GMT" time="2.310" errors="0">
  <testcase name="loginToFreestor" time="2.310" classname="GUI.LogFreestor"/>
</testsuite> <!-- GUI.LogFreestor -->
